74081.94
3.0093012
0.99397963
0.53895485
34819.133
-1.2376106
-7632.137
0.0027036492
-3.01767072E8
0.9995943
0.9989707
7.1753154
1.9218948E7
3949.9382
2.67315994E9
0.62282854
Infinity
Infinity
0.9999403
0.0
1048597.6
-8029.347
-1.75189216E8
2.575099
2.35225298E12
8.295513
1.00027
1.8193382
2.4566448E8
53721.9
-3.44642208E8
0.9489595
Infinity
-Infinity
1.0
0.0
-1.7679231E10
-1.39139827E9
6.7424968E9
-2278.6816
-1.1208085E7
4.559059
1.0000733
-11.392304
-1.42148502E11
-1.88672272E8
1.42145651E11
8.279488
9654.87
-1.554634E-4
1.0000653
0.073534265
-Infinity
-254.64523
7788.967
-0.0
-321352.1
0.0071316157
0.99999994
0.5676689
7.055641E8
-1784600.9
-7.5601872E7
5.3523364
-4.23022272E8
0.713898
1.0000051
0.36842293
-Infinity
0.0
-4.7797256E7
0.0
1.24185467E10
3.227818
0.99996287
0.5202503
2.0110044E7
-30.037443
-4411412.0
0.008283095
-1.56511386E10
0.9999452
0.9998656
7.022515
8.9287616E8
31434.121
7.4939839E11
0.69997007
Infinity
Infinity
0.99998814
0.0
1.8038284E7
-31384.37
-2.25123226E9
3.0590718
2.60106449E13
8.296074
1.000077
1.817886
2.8147095E9
189180.05
-3.94309427E9
0.9846249
Infinity
-Infinity
1.0
0.0
-4.70080815E11
-3.6479521E10
1.78609439E11
-6887.242
-7.2382192E7
4.5591645
1.000029
-11.515916
-9.1690323E11
-4.79880864E8
9.1689589E11
8.289674
22986.104
-6.393094E-5
1.000027
0.07353142
-Infinity
-593.5348
18152.201
-0.0
-1613460.6
0.008018107
1.0
0.5676155
2.71489178E9
-3376793.0
-3.09371392E8
4.902409
-1.77146163E9
0.7140975
1.0000025
0.36842197
-Infinity
0.0
-1.91120512E8
0.0
9.4632182E10
3.229284
0.99998134
0.5201259
7.4756496E7
-57.915092
-1.6397887E7
0.008533715
-5.4166589E10
0.9999706
0.9999281
7.01203
3.06295706E9
58927.543
4.7154997E12
0.7065178
Infinity
Infinity
0.9999934
0.0
5.5558964E7
-54555.023
-6.6564547E9
3.131874
7.5165233E13
8.296167
1.000045
1.8176448
8.1760486E9
324641.22
-1.14507602E10
0.99094856
Infinity
-Infinity
1.0
0.0
-2.16957452E12
-1.67886078E11
8.2371766E11
-11496.074
-1.86805872E8
4.5591903
1.0000182
-11.546562
-2.36567423E12
-7.7108941E8
2.36566243E12
8.292172
36314.566
-4.023923E-5
1.0000169
0.07353068
-Infinity
-932.4245
28515.414
-0.0
-3889860.8
0.00829242
1.0
0.56759894
6.0513398E9
-4990326.0
-7.0299354E8
4.7781925
-4.04591872E9
0.7141614
1.0000017
0.36842167
-Infinity
0.0
-4.299696E8
0.0
3.14080657E11
3.2297766
0.99998754
0.52008414
1.63974128E8
-85.774254
-3.596704E7
0.008623283
-1.1584775E11
0.99998
0.99995095
7.0082073
6.5294597E9
86421.45
1.46243028E13
0.70895565
Infinity
Infinity
0.9999955
0.0
1.13611152E8
-77708.016
-1.33914286E10
3.1613157
1.49814482E14
8.2962055
1.0000317
1.8175458
1.6329686E10
460102.84
-2.28676383E10
0.9935864
Infinity
-Infinity
1.0
0.0
-5.9453955E12
-4.59504386E11
2.25654394E12
-16104.939
-3.54478944E8
4.559202
1.0000132
-11.560459
-4.48846E12
-1.06229779E9
4.4884437E12
8.293302
49642.49
-2.9359217E-5
1.0000123
0.073530324
-Infinity
-1271.3141
38878.617
-0.0
-7150552.0
0.008425923
1.0
0.5675909
1.0713474E10
-6608179.5
-1.25638528E9
4.7200017
-7.2463918E9
0.71419287
1.0000013
0.36842152
-Infinity
0.0
-7.643447E8
0.0
7.3820268E11
3.2300239
0.9999907
0.5200632
2.87763264E8
-113.62857
-6.3118936E7
0.008669299
-2.00694694E11
0.99998474
0.9999628
7.0062294
1.12923884E10
113915.51
3.31991535E13
0.71022874
Infinity
Infinity
0.9999964
0.0
1.92194992E8
-100855.68
-2.24562115E10
3.177248
2.49958389E14
8.2962265
1.0000244
1.8174914
2.72756265E10
595564.7
-3.819375E10
0.99503374
Infinity
-Infinity
1.0
0.0
-1.26268043E13
-9.7522955E11
4.7915729E12
-20713.828
-5.7540205E8
4.559209
1.0000104
-11.568389
-7.285268E12
-1.35350669E9
7.2852476E12
8.293946
62970.242
-2.3110506E-5
1.0000097
0.07353013
-Infinity
-1610.2043
49241.85
-0.0
-1.1395547E7
0.008504892
1.0
0.5675861
1.67010857E10
-8227637.0
-1.96953574E9
4.686247
-1.13728973E10
0.7142117
1.0000011
0.36842144
-Infinity
0.0
-1.19424691E9
0.0
1.43443886E12
3.2301724
0.9999926
0.52005064
4.46124E8
-141.48093
-9.7853584E7
0.008697315
-3.0870759E11
0.99998784
0.99997
7.005018
1.73517578E10
141409.72
6.3163467E13
0.711011
Infinity
Infinity
0.99999714
0.0
2.91310688E8
-124001.01
-3.38508186E10
3.1872346
3.75597138E14
8.29624
1.00002
1.8174574
4.1013907E10
731027.0
-5.7429131E10
0.99594814
Infinity
-Infinity
1.0
0.0
-2.30430532E13
-1.77895585E12
8.7432883E12
-25322.732
-8.4957517E8
4.5592136
1.0000086
-11.573518
-1.07560997E13
-1.64471603E9
1.07560735E13
8.294363
76297.91
-1.9054922E-5
1.000008
0.07353
-Infinity
-1949.0948
59605.082
-0.0
-1.6624844E7
0.008557076
1.0
0.56758296
2.4014082E10
-9847855.0
-2.84243866E9
4.664205
-1.64254208E10
0.71422416
1.0000008
0.36842132
-Infinity
0.0
-1.71967539E9
0.0
2.47022774E12
3.230272
0.99999374
0.5200421
6.3905606E8
-169.33228
-1.40170976E8
0.008716167
-4.39886447E11
0.99998975
0.99997497
7.0042024
2.47075512E10
168903.89
1.07240527E14
0.7115403
Infinity
Infinity
0.9999977
0.0
4.10957856E8
-147145.11
-4.7575224E10
3.1940799
5.26730427E14
8.2962475
1.0000169
1.8174342
5.7544479E10
866488.94
-8.0573727E10
0.9965781
Infinity
-Infinity
1.0
0.0
-3.8023375E13
-2.93457625E12
1.4426165E13
-29931.629
-1.17699789E9
4.559216
1.0000073
-11.577104
-1.49009476E13
-1.93592512E9
1.49009161E13
8.294653
89625.52
-1.621024E-5
1.0000069
0.07352992
-Infinity
-2287.9849
69968.31
-0.0
-2.2838434E7
0.008594124
1.0
0.56758076
3.26524436E10
-1.1468504E7
-3.87509299E9
4.648683
-2.24039608E10
0.714233
1.0000007
0.3684213
-Infinity
0.0
-2.34063053E9
0.0
3.91300724E12
3.2303426
0.9999948
0.5200362
8.6655987E8
-197.18303
-1.9007112E8
0.008729719
-5.9423097E11
0.9999911
0.9999785
7.003615
3.3359788E10
196398.2
1.68153808E14
0.71192247
Infinity
Infinity
0.9999979
0.0
5.5113696E8
-170288.47
-6.3629464E10
3.1990652
7.0335841E14
8.296256
1.0000145
1.8174169
7.6867379E10
1001951.25
-1.07627569E11
0.99703854
Infinity
-Infinity
1.0
0.0
-5.8397035E13
-4.5059864E12
2.2154687E13
-34540.54
-1.55767053E9
4.559219
1.0000062
-11.579756
-1.97198118E13
-2.22713395E9
1.97197761E13
8.2948675
102953.11
-1.4104588E-5
1.000006
0.07352986
-Infinity
-2626.8757
80331.54
-0.0
-3.0036318E7
0.008621789
1.0
0.56757903
4.2616164E10
-1.3089412E7
-5.0674985E9
4.6371603
-2.93085245E10
0.71423966
1.0000006
0.3684213
-Infinity
0.0
-3.05711155E9
0.0
5.8302147E12
3.2303958
0.9999953
0.52003163
1.1286345E9
-225.03336
-2.4755392E8
0.00873993
-7.7174125E11
0.9999923
0.99998105
7.0031705
4.3308425E10
223892.39
2.48626329E14
0.712211
Infinity
Infinity
0.9999983
0.0
7.1184736E8
-193431.31
-8.2013487E10
3.2028577
9.0548037E14
8.296261
1.0000128
1.8174038
9.8982519E10
1137413.1
-1.38590568E11
0.99738985
Infinity
-Infinity
1.0
0.0
-8.4993192E13
-6.5570729E12
3.22433093E13
-39149.438
-1.99159142E9
4.55922
1.0000056
-11.581796
-2.52126828E13
-2.5183424E9
2.52126471E13
8.2950325
116280.62
-1.2483088E-5
1.0000054
0.07352981
-Infinity
-2965.7646
90694.734
-0.0
-3.8218472E7
0.008643233
1.0
0.56757784
5.3905187E10
-1.4710489E7
-6.4196495E9
4.6282682
-3.7139083E10
0.7142448
1.0000006
0.3684213
-Infinity
0.0
-3.8691159E9
0.0
8.2892837E12
3.2304373
0.999996
0.5200282
1.42528013E9
-252.88344
-3.12619264E8
0.0087479
-9.7241661E11
0.9999931
0.99998313
7.002824
5.4553469E10
251386.56
3.51381408E14
0.7124369
Infinity
Infinity
0.99999833
0.0
8.9308902E8
-216573.8
-1.02727262E11
3.20584
1.13309653E15
8.296264
1.0000113
1.8173935
1.23889943E11
1272874.6
-1.73462749E11
0.99766654
Infinity
-Infinity
1.0
0.0
-1.18641039E14
-9.1517291E12
4.5006488E13
-43758.32
-2.47876147E9
4.5592217
1.000005
-11.583411
-3.13795637E13
-2.80955034E9
3.13795197E13
8.295164
129608.12
-1.1195971E-5
1.0000048
0.073529765
-Infinity
-3304.654
101057.93
-0.0
-4.738492E7
0.008660344
1.0
0.56757677
6.6519527E10
-1.6331682E7
-7.9315487E9
4.6211967
-4.5895655E10
0.7142489
1.0000004
0.3684212
-Infinity
0.0
-4.7766467E9
0.0
